01001
01002
01003
01004
01005
01006
01007
01008
01009
01010
01014
01015
01017
01021
01023
01024
01026
01027
01028
01029
01031
01034
01038
01040
01042
01044
01047
01048
01049
02001
02002
02003
02004
02005
02006
02007
03001
03002
03003
03005
03007
03008
03011
03013
03014
03017
03018
03019
03020
03025
03026
03027
03034
03048
05001
05002
05003
05005
05006
05007
05008
05009
05010
05011
05012
08001
08002
08003
08005
08006
08007
08008
08009
08010
08011
09001
09002
09003
09004
09005
09006
09007
10001
11001
12001